<?xml version="1.0" encoding="utf-8"?><testsuites name="pytest tests"><testsuite name="pytest" errors="0" failures="0" skipped="0" tests="5" time="0.884" timestamp="2026-03-26T07:17:01.144873+00:00" hostname="codespaces-6af6a9"><testcase classname="tests.spacecraft.test_eps" name="test_tc_pwr_001_battery_charges_in_sunlight" time="0.206"><properties><property name="ecss_verdict" value="PASS" /><property name="requirement" value="EPS-011" /><property name="requirement" value="SVF-DEV-063" /><property name="requirement" value="SVF-DEV-065" /></properties></testcase><testcase classname="tests.spacecraft.test_eps" name="test_tc_pwr_002_battery_discharges_in_eclipse" time="0.154"><properties><property name="ecss_verdict" value="PASS" /><property name="requirement" value="EPS-012" /><property name="requirement" value="EPS-013" /><property name="requirement" value="SVF-DEV-063" /><property name="requirement" value="SVF-DEV-065" /></properties></testcase><testcase classname="tests.spacecraft.test_eps" name="test_tc_pwr_003_charging_in_sunlight" time="0.158"><properties><property name="ecss_verdict" value="PASS" /><property name="requirement" value="EPS-001" /><property name="requirement" value="EPS-003" /><property name="requirement" value="EPS-011" /><property name="requirement" value="SVF-DEV-063" /><property name="requirement" value="SVF-DEV-065" /></properties></testcase><testcase classname="tests.spacecraft.test_eps" name="test_tc_pwr_004_penumbra" time="0.173"><properties><property name="ecss_verdict" value="PASS" /><property name="requirement" value="EPS-001" /><property name="requirement" value="SVF-DEV-063" /><property name="requirement" value="SVF-DEV-065" /></properties></testcase><testcase classname="tests.spacecraft.test_eps" name="test_tc_pwr_005_deep_eclipse_discharge" time="0.164"><properties><property name="ecss_verdict" value="PASS" /><property name="requirement" value="EPS-012" /><property name="requirement" value="EPS-013" /><property name="requirement" value="SVF-DEV-063" /><property name="requirement" value="SVF-DEV-065" /></properties></testcase></testsuite></testsuites>